mode: set
_/Users/erickwendel/Documents/horizon-four/challenges/algorithms/1_-_time-conversion/erickwendel/time-conversion.go:32.49,34.2 1 1
_/Users/erickwendel/Documents/horizon-four/challenges/algorithms/1_-_time-conversion/erickwendel/time-conversion.go:36.35,38.2 1 1
_/Users/erickwendel/Documents/horizon-four/challenges/algorithms/1_-_time-conversion/erickwendel/time-conversion.go:40.34,42.2 1 1
_/Users/erickwendel/Documents/horizon-four/challenges/algorithms/1_-_time-conversion/erickwendel/time-conversion.go:43.47,46.2 2 1
_/Users/erickwendel/Documents/horizon-four/challenges/algorithms/1_-_time-conversion/erickwendel/time-conversion.go:47.41,49.21 2 1
_/Users/erickwendel/Documents/horizon-four/challenges/algorithms/1_-_time-conversion/erickwendel/time-conversion.go:53.2,54.18 2 1
_/Users/erickwendel/Documents/horizon-four/challenges/algorithms/1_-_time-conversion/erickwendel/time-conversion.go:58.2,59.19 2 1
_/Users/erickwendel/Documents/horizon-four/challenges/algorithms/1_-_time-conversion/erickwendel/time-conversion.go:49.21,51.3 1 0
_/Users/erickwendel/Documents/horizon-four/challenges/algorithms/1_-_time-conversion/erickwendel/time-conversion.go:54.18,56.3 1 1
_/Users/erickwendel/Documents/horizon-four/challenges/algorithms/1_-_time-conversion/erickwendel/time-conversion.go:62.41,65.17 2 1
_/Users/erickwendel/Documents/horizon-four/challenges/algorithms/1_-_time-conversion/erickwendel/time-conversion.go:69.2,70.21 2 1
_/Users/erickwendel/Documents/horizon-four/challenges/algorithms/1_-_time-conversion/erickwendel/time-conversion.go:73.2,74.16 2 1
_/Users/erickwendel/Documents/horizon-four/challenges/algorithms/1_-_time-conversion/erickwendel/time-conversion.go:77.2,79.17 2 1
_/Users/erickwendel/Documents/horizon-four/challenges/algorithms/1_-_time-conversion/erickwendel/time-conversion.go:65.17,67.3 1 1
_/Users/erickwendel/Documents/horizon-four/challenges/algorithms/1_-_time-conversion/erickwendel/time-conversion.go:70.21,72.3 1 1
_/Users/erickwendel/Documents/horizon-four/challenges/algorithms/1_-_time-conversion/erickwendel/time-conversion.go:74.16,76.3 1 0
_/Users/erickwendel/Documents/horizon-four/challenges/algorithms/1_-_time-conversion/erickwendel/time-conversion.go:82.13,88.2 4 0
